<?xml version="1.0" encoding="UTF-8"?>
<testsuite xmlns:xsi="http://www.w3.org/2001/XMLSchema-instance" xsi:noNamespaceSchemaLocation="https://maven.apache.org/surefire/maven-surefire-plugin/xsd/surefire-test-report-3.0.xsd" version="3.0" name="TPNumberTest" time="0.059" tests="11" errors="0" skipped="0" failures="0">
  <properties>
[...]
</properties>
  <testcase name="testReciprocalZero" classname="TPNumberTest" time="0.023"/>
  <testcase name="testDivideByZero" classname="TPNumberTest" time="0.001"/>
  <testcase name="testAdd" classname="TPNumberTest" time="0.002"/>
  <testcase name="testSubtract" classname="TPNumberTest" time="0.001"/>
  <testcase name="testReciprocal" classname="TPNumberTest" time="0.001"/>
  <testcase name="testSetPrecision" classname="TPNumberTest" time="0.001"/>
  <testcase name="testDivide" classname="TPNumberTest" time="0.001"/>
  <testcase name="testMultiply" classname="TPNumberTest" time="0.001"/>
  <testcase name="testAddDifferentBases" classname="TPNumberTest" time="0.001"/>
  <testcase name="testSetBase" classname="TPNumberTest" time="0.0"/>
  <testcase name="testSquare" classname="TPNumberTest" time="0.001"/>
</testsuite>